<?xml version="1.0" encoding="UTF-8"?>
<!-- Generated by org.testng.reporters.JUnitReportReporter -->
<testsuite skipped="0" hostname="station" name="com.atc.seleniumframework.tests.NegativeLoginTests" tests="5" failures="0" timestamp="2021-10-12T21:48:58 COT" time="67.534" errors="0">
  <testcase name="negativeLoginTest" time="13.820" classname="com.atc.seleniumframework.tests.NegativeLoginTests"/>
  <system-out/>
  <testcase name="negativeLoginTest" time="14.025" classname="com.atc.seleniumframework.tests.NegativeLoginTests"/>
  <system-out/>
  <testcase name="negativeLoginTest" time="14.015" classname="com.atc.seleniumframework.tests.NegativeLoginTests"/>
  <system-out/>
  <testcase name="negativeLoginTest" time="12.674" classname="com.atc.seleniumframework.tests.NegativeLoginTests"/>
  <system-out/>
  <testcase name="negativeLoginTest" time="13.000" classname="com.atc.seleniumframework.tests.NegativeLoginTests"/>
  <system-out/>
</testsuite> <!-- com.atc.seleniumframework.tests.NegativeLoginTests -->
