<?xml version="1.0" encoding="UTF-8"?>
<!-- Generated by org.testng.reporters.JUnitReportReporter -->
<testsuite skipped="0" hostname="station" name="com.atc.seleniumframework.tests.ThreadsTest" tests="7" failures="0" timestamp="2021-09-19T17:54:01 COT" time="70.615" errors="0">
  <testcase name="threadsTest" time="10.382" classname="com.atc.seleniumframework.tests.ThreadsTest"/>
  <system-out/>
  <testcase name="threadsTest" time="10.047" classname="com.atc.seleniumframework.tests.ThreadsTest"/>
  <system-out/>
  <testcase name="threadsTest" time="13.874" classname="com.atc.seleniumframework.tests.ThreadsTest"/>
  <system-out/>
  <testcase name="threadsTest" time="10.150" classname="com.atc.seleniumframework.tests.ThreadsTest"/>
  <system-out/>
  <testcase name="threadsTest" time="9.700" classname="com.atc.seleniumframework.tests.ThreadsTest"/>
  <system-out/>
  <testcase name="threadsTest" time="10.219" classname="com.atc.seleniumframework.tests.ThreadsTest"/>
  <system-out/>
  <testcase name="threadsTest" time="6.243" classname="com.atc.seleniumframework.tests.ThreadsTest"/>
  <system-out/>
</testsuite> <!-- com.atc.seleniumframework.tests.ThreadsTest -->
