<?xml version="1.0" encoding="UTF-8"?>
<!-- Generated by org.testng.reporters.JUnitReportReporter -->
<testsuite skipped="0" hostname="station" name="com.atc.seleniumframework.tests.PositiveLoginTests" tests="5" failures="0" timestamp="2021-10-12T21:36:43 COT" time="79.177" errors="0">
  <testcase name="logInTest" time="14.316" classname="com.atc.seleniumframework.tests.PositiveLoginTests"/>
  <system-out/>
  <testcase name="logInTest" time="17.901" classname="com.atc.seleniumframework.tests.PositiveLoginTests"/>
  <system-out/>
  <testcase name="logInTest" time="15.145" classname="com.atc.seleniumframework.tests.PositiveLoginTests"/>
  <system-out/>
  <testcase name="logInTest" time="17.349" classname="com.atc.seleniumframework.tests.PositiveLoginTests"/>
  <system-out/>
  <testcase name="logInTest" time="14.466" classname="com.atc.seleniumframework.tests.PositiveLoginTests"/>
  <system-out/>
</testsuite> <!-- com.atc.seleniumframework.tests.PositiveLoginTests -->
