<?xml version="1.0" encoding="UTF-8"?>
<!-- Generated by org.testng.reporters.JUnitReportReporter -->
<testsuite skipped="0" hostname="station" name="com.atc.seleniumframework.PositiveTests" tests="1" failures="0" timestamp="2021-09-08T23:01:53 COT" time="93.793" errors="0">
  <testcase name="logInTest" time="93.793" classname="com.atc.seleniumframework.PositiveTests"/>
  <system-out/>
</testsuite> <!-- com.atc.seleniumframework.PositiveTests -->
